<?xml version="1.0" encoding="UTF-8"?>
<!-- Generated by org.testng.reporters.JUnitXMLReporter -->
<testsuite ignored="0" hostname="DESKTOP-APML90P" failures="0" tests="9" name="Default test" time="486.428" errors="0" timestamp="2025-01-17T16:15:04 IST">
  <testcase classname="test.Test_013_Prepaid_WA_Reply_Delivered_Rate_Experience" name="verifyEmailTextboxAndPasswordTest" time="1.683"/>
  <testcase classname="test.Test_013_Prepaid_WA_Reply_Delivered_Rate_Experience" name="verifySignInTest" time="2.944"/>
  <testcase classname="test.Test_013_Prepaid_WA_Reply_Delivered_Rate_Experience" name="verifyDashboardTest" time="6.753"/>
  <testcase classname="test.Test_013_Prepaid_WA_Reply_Delivered_Rate_Experience" name="verifyClientDashboardTest" time="7.455"/>
  <testcase classname="test.Test_013_Prepaid_WA_Reply_Delivered_Rate_Experience" name="verifyCompanyNameTest" time="5.201"/>
  <testcase classname="test.Test_013_Prepaid_WA_Reply_Delivered_Rate_Experience" name="verifyViewAsDashboardTest" time="10.174"/>
  <testcase classname="test.Test_013_Prepaid_WA_Reply_Delivered_Rate_Experience" name="verifyOrderCloneTest" time="2.545"/>
  <testcase classname="test.Test_013_Prepaid_WA_Reply_Delivered_Rate_Experience" name="verifyMsgReceivedTest" time="403.626"/>
  <testcase classname="test.Test_013_Prepaid_WA_Reply_Delivered_Rate_Experience" name="verifyRateExperienceTest" time="29.459"/>
</testsuite> <!-- Default test -->
