<?xml version="1.0" encoding="UTF-8"?>
<testng-results ignored="0" total="9" passed="9" failed="0" skipped="0">
  <reporter-output>
  </reporter-output>
  <suite started-at="2025-01-17T16:06:57 IST" name="Default suite" finished-at="2025-01-17T16:15:04 IST" duration-ms="486428">
    <groups>
    </groups>
    <test started-at="2025-01-17T16:06:57 IST" name="Default test" finished-at="2025-01-17T16:15:04 IST" duration-ms="486428">
      <class name="test.Test_013_Prepaid_WA_Reply_Delivered_Rate_Experience">
        <test-method is-config="true" signature="openBrowser()[pri:0, instance:test.Test_013_Prepaid_WA_Reply_Delivered_Rate_Experience@dcfda20]" started-at="2025-01-17T16:06:57 IST" name="openBrowser" finished-at="2025-01-17T16:07:04 IST" duration-ms="6916" status="PASS">
          <reporter-output>
          </reporter-output>
        </test-method> <!-- openBrowser -->
        <test-method signature="verifyEmailTextboxAndPasswordTest()[pri:1, instance:test.Test_013_Prepaid_WA_Reply_Delivered_Rate_Experience@dcfda20]" started-at="2025-01-17T16:07:04 IST" name="verifyEmailTextboxAndPasswordTest" description="Verify email and password" finished-at="2025-01-17T16:07:06 IST" duration-ms="1683" status="PASS">
          <reporter-output>
          </reporter-output>
        </test-method> <!-- verifyEmailTextboxAndPasswordTest -->
        <test-method signature="verifySignInTest()[pri:2, instance:test.Test_013_Prepaid_WA_Reply_Delivered_Rate_Experience@dcfda20]" started-at="2025-01-17T16:07:06 IST" name="verifySignInTest" description="Verify sign in" finished-at="2025-01-17T16:07:09 IST" duration-ms="2944" status="PASS">
          <reporter-output>
          </reporter-output>
        </test-method> <!-- verifySignInTest -->
        <test-method signature="verifyDashboardTest()[pri:3, instance:test.Test_013_Prepaid_WA_Reply_Delivered_Rate_Experience@dcfda20]" started-at="2025-01-17T16:07:09 IST" name="verifyDashboardTest" description="Verify dashboard" finished-at="2025-01-17T16:07:16 IST" duration-ms="6753" status="PASS">
          <reporter-output>
          </reporter-output>
        </test-method> <!-- verifyDashboardTest -->
        <test-method signature="verifyClientDashboardTest()[pri:4, instance:test.Test_013_Prepaid_WA_Reply_Delivered_Rate_Experience@dcfda20]" started-at="2025-01-17T16:07:16 IST" name="verifyClientDashboardTest" description="Verify client dashboard" finished-at="2025-01-17T16:07:23 IST" duration-ms="7455" status="PASS">
          <reporter-output>
          </reporter-output>
        </test-method> <!-- verifyClientDashboardTest -->
        <test-method signature="verifyCompanyNameTest()[pri:5, instance:test.Test_013_Prepaid_WA_Reply_Delivered_Rate_Experience@dcfda20]" started-at="2025-01-17T16:07:23 IST" name="verifyCompanyNameTest" description="Verify company name" finished-at="2025-01-17T16:07:29 IST" duration-ms="5201" status="PASS">
          <reporter-output>
          </reporter-output>
        </test-method> <!-- verifyCompanyNameTest -->
        <test-method signature="verifyViewAsDashboardTest()[pri:6, instance:test.Test_013_Prepaid_WA_Reply_Delivered_Rate_Experience@dcfda20]" started-at="2025-01-17T16:07:29 IST" name="verifyViewAsDashboardTest" description="Verify view as dashboard" finished-at="2025-01-17T16:07:39 IST" duration-ms="10174" status="PASS">
          <reporter-output>
          </reporter-output>
        </test-method> <!-- verifyViewAsDashboardTest -->
        <test-method signature="verifyOrderCloneTest()[pri:7, instance:test.Test_013_Prepaid_WA_Reply_Delivered_Rate_Experience@dcfda20]" started-at="2025-01-17T16:07:39 IST" name="verifyOrderCloneTest" description="Verify order clone" finished-at="2025-01-17T16:07:41 IST" duration-ms="2545" status="PASS">
          <reporter-output>
          </reporter-output>
        </test-method> <!-- verifyOrderCloneTest -->
        <test-method signature="verifyMsgReceivedTest()[pri:8, instance:test.Test_013_Prepaid_WA_Reply_Delivered_Rate_Experience@dcfda20]" started-at="2025-01-17T16:07:41 IST" name="verifyMsgReceivedTest" description="Verify message received at whatsapp along with query upadted on database" finished-at="2025-01-17T16:14:25 IST" duration-ms="403626" status="PASS">
          <reporter-output>
          </reporter-output>
        </test-method> <!-- verifyMsgReceivedTest -->
        <test-method signature="verifyRateExperienceTest()[pri:9, instance:test.Test_013_Prepaid_WA_Reply_Delivered_Rate_Experience@dcfda20]" started-at="2025-01-17T16:14:25 IST" name="verifyRateExperienceTest" description="Verify rate your experience" finished-at="2025-01-17T16:14:54 IST" duration-ms="29459" status="PASS">
          <reporter-output>
          </reporter-output>
        </test-method> <!-- verifyRateExperienceTest -->
        <test-method is-config="true" signature="closeBrowser()[pri:0, instance:test.Test_013_Prepaid_WA_Reply_Delivered_Rate_Experience@dcfda20]" started-at="2025-01-17T16:14:54 IST" name="closeBrowser" finished-at="2025-01-17T16:15:04 IST" duration-ms="9228" status="PASS">
          <reporter-output>
          </reporter-output>
        </test-method> <!-- closeBrowser -->
      </class> <!-- test.Test_013_Prepaid_WA_Reply_Delivered_Rate_Experience -->
    </test> <!-- Default test -->
  </suite> <!-- Default suite -->
</testng-results>
